<?xml version="1.0" encoding="UTF-8"?>
<testsuite xmlns:xsi="http://www.w3.org/2001/XMLSchema-instance" xsi:noNamespaceSchemaLocation="https://maven.apache.org/surefire/maven-surefire-plugin/xsd/surefire-test-report-3.0.xsd" version="3.0" name="mg.gouv.sgrh.service.EmailOtpServiceTest" time="3.707" tests="2" errors="0" skipped="0" failures="0">
  <properties>
[...]
</properties>
  <testcase name="codeIsSentMaskedAndCanOnlyBeUsedOnce" classname="mg.gouv.sgrh.service.EmailOtpServiceTest" time="3.539"/>
  <testcase name="challengeIsRevokedAfterFiveWrongCodes" classname="mg.gouv.sgrh.service.EmailOtpServiceTest" time="0.053"/>
</testsuite>